Nov 04, 2012 9:40:51 PM org.apache.openejb.OpenEJB$Instance <init>
INFO: ********************************************************************************
Nov 04, 2012 9:40:51 PM org.apache.openejb.OpenEJB$Instance <init>
INFO: OpenEJB http://openejb.apache.org/
Nov 04, 2012 9:40:51 PM org.apache.openejb.OpenEJB$Instance <init>
INFO: Startup: Sun Nov 04 21:40:51 EET 2012
Nov 04, 2012 9:40:51 PM org.apache.openejb.OpenEJB$Instance <init>
INFO: Copyright 1999-2012 (C) Apache OpenEJB Project, All Rights Reserved.
Nov 04, 2012 9:40:51 PM org.apache.openejb.OpenEJB$Instance <init>
INFO: Version: 4.5.0
Nov 04, 2012 9:40:51 PM org.apache.openejb.OpenEJB$Instance <init>
INFO: Build date: 20120928
Nov 04, 2012 9:40:51 PM org.apache.openejb.OpenEJB$Instance <init>
INFO: Build time: 08:12
Nov 04, 2012 9:40:51 PM org.apache.openejb.OpenEJB$Instance <init>
INFO: ********************************************************************************
Nov 04, 2012 9:40:51 PM org.apache.openejb.OpenEJB$Instance <init>
INFO: openejb.home = /home/daniel/opt/java/apache-openejb-4.5.0
Nov 04, 2012 9:40:51 PM org.apache.openejb.OpenEJB$Instance <init>
INFO: openejb.base = /home/daniel/opt/java/apache-openejb-4.5.0
Nov 04, 2012 9:40:51 PM org.apache.openejb.cdi.CdiBuilder initializeOWB
INFO: Created new singletonService org.apache.openejb.cdi.ThreadSingletonServiceImpl@17d327c
Nov 04, 2012 9:40:51 PM org.apache.openejb.cdi.CdiBuilder initializeOWB
INFO: Succeeded in installing singleton service
Nov 04, 2012 9:40:52 PM org.apache.openejb.config.ConfigurationFactory init
INFO: openejb configuration file is '/home/daniel/opt/java/apache-openejb-4.5.0/conf/openejb.xml'
Nov 04, 2012 9:40:52 PM org.apache.openejb.config.ConfigurationFactory configureService
INFO: Configuring Service(id=Default Security Service, type=SecurityService, provider-id=Default Security Service)
Nov 04, 2012 9:40:52 PM org.apache.openejb.config.ConfigurationFactory configureService
INFO: Configuring Service(id=Default Transaction Manager, type=TransactionManager, provider-id=Default Transaction Manager)
Nov 04, 2012 9:40:52 PM org.apache.openejb.config.ConfigurationFactory configureService
INFO: Configuring Service(id=key2gym, type=Resource, provider-id=Default JDBC Database)
Nov 04, 2012 9:40:52 PM org.apache.openejb.config.ConfigurationFactory configureService
INFO: Configuring Service(id=My Singleton Container, type=Container, provider-id=Default Singleton Container)
Nov 04, 2012 9:40:52 PM org.apache.openejb.config.ConfigurationFactory configureService
INFO: Configuring Service(id=My Stateful Container, type=Container, provider-id=Default Stateful Container)
Nov 04, 2012 9:40:52 PM org.apache.openejb.config.ConfigurationFactory configureService
INFO: Configuring Service(id=My Stateless Container, type=Container, provider-id=Default Stateless Container)
Nov 04, 2012 9:40:52 PM org.apache.openejb.config.ConfigurationFactory configureApplication
INFO: Configuring enterprise application: /home/daniel/opt/java/apache-openejb-4.5.0/apps/key2gym-business.jar
Nov 04, 2012 9:40:53 PM org.apache.openejb.config.InitEjbDeployments deploy
INFO: Auto-deploying ejb AdSourcesServiceBean: EjbDeployment(deployment-id=AdSourcesServiceBean)
Nov 04, 2012 9:40:53 PM org.apache.openejb.config.InitEjbDeployments deploy
INFO: Auto-deploying ejb FreezesServiceBean: EjbDeployment(deployment-id=FreezesServiceBean)
Nov 04, 2012 9:40:53 PM org.apache.openejb.config.InitEjbDeployments deploy
INFO: Auto-deploying ejb CashServiceBean: EjbDeployment(deployment-id=CashServiceBean)
Nov 04, 2012 9:40:53 PM org.apache.openejb.config.InitEjbDeployments deploy
INFO: Auto-deploying ejb TimeSplitsServiceBean: EjbDeployment(deployment-id=TimeSplitsServiceBean)
Nov 04, 2012 9:40:53 PM org.apache.openejb.config.InitEjbDeployments deploy
INFO: Auto-deploying ejb AdministratorsServiceBean: EjbDeployment(deployment-id=AdministratorsServiceBean)
Nov 04, 2012 9:40:53 PM org.apache.openejb.config.InitEjbDeployments deploy
INFO: Auto-deploying ejb ClientProfilesServiceBean: EjbDeployment(deployment-id=ClientProfilesServiceBean)
Nov 04, 2012 9:40:53 PM org.apache.openejb.config.InitEjbDeployments deploy
INFO: Auto-deploying ejb KeysServiceBean: EjbDeployment(deployment-id=KeysServiceBean)
Nov 04, 2012 9:40:53 PM org.apache.openejb.config.InitEjbDeployments deploy
INFO: Auto-deploying ejb ClientsServiceBean: EjbDeployment(deployment-id=ClientsServiceBean)
Nov 04, 2012 9:40:53 PM org.apache.openejb.config.InitEjbDeployments deploy
INFO: Auto-deploying ejb ItemsServiceBean: EjbDeployment(deployment-id=ItemsServiceBean)
Nov 04, 2012 9:40:53 PM org.apache.openejb.config.InitEjbDeployments deploy
INFO: Auto-deploying ejb DiscountsServiceBean: EjbDeployment(deployment-id=DiscountsServiceBean)
Nov 04, 2012 9:40:53 PM org.apache.openejb.config.InitEjbDeployments deploy
INFO: Auto-deploying ejb SubscriptionsServiceBean: EjbDeployment(deployment-id=SubscriptionsServiceBean)
Nov 04, 2012 9:40:53 PM org.apache.openejb.config.InitEjbDeployments deploy
INFO: Auto-deploying ejb AttendancesServiceBean: EjbDeployment(deployment-id=AttendancesServiceBean)
Nov 04, 2012 9:40:53 PM org.apache.openejb.config.InitEjbDeployments deploy
INFO: Auto-deploying ejb OrdersServiceBean: EjbDeployment(deployment-id=OrdersServiceBean)
Nov 04, 2012 9:40:53 PM org.apache.openejb.config.AutoConfig deploy
INFO: Configuring PersistenceUnit(name=PU, provider=org.eclipse.persistence.jpa.PersistenceProvider)
Nov 04, 2012 9:40:53 PM org.apache.openejb.config.AutoConfig logAutoCreateResource
INFO: Auto-creating a Resource with id 'key2gymNonJta' of type 'DataSource for 'PU'.
Nov 04, 2012 9:40:53 PM org.apache.openejb.config.AutoConfig deploy
INFO: Configuring Service(id=key2gymNonJta, type=Resource, provider-id=key2gym)
Nov 04, 2012 9:40:53 PM org.apache.openejb.config.AutoConfig setNonJtaDataSource
INFO: Adjusting PersistenceUnit PU <non-jta-data-source> to Resource ID 'key2gymNonJta' from 'null'
Nov 04, 2012 9:40:53 PM org.apache.openejb.config.JndiEncInfoBuilder buildEjbRefs
WARNING: Unresolved ejb reference "java:comp/env/org.key2gym.business.SubscriptionsServiceBean/itemsService" in bean "SubscriptionsServiceBean".  Will attempt resolution again at runtime.
Nov 04, 2012 9:40:53 PM org.apache.openejb.config.AppInfoBuilder build
INFO: Enterprise application "/home/daniel/opt/java/apache-openejb-4.5.0/apps/key2gym-business.jar" loaded.
Nov 04, 2012 9:40:53 PM org.apache.openejb.util.OptionsLog info
INFO: Using 'openejb.deployments.classpath.include=.*/apache-openejb-4.5.0/lib/.*'
Nov 04, 2012 9:40:53 PM org.apache.openejb.util.OptionsLog info
INFO: Using 'openejb.deployments.classpath.require.descriptor=true'
Nov 04, 2012 9:40:53 PM org.apache.openejb.util.OptionsLog info
INFO: Using 'openejb.deployments.classpath.filter.systemapps=false'
Nov 04, 2012 9:40:53 PM org.apache.openejb.config.ConfigurationFactory loadApplication
INFO: Beginning load: /home/daniel/opt/java/apache-openejb-4.5.0/lib/openejb-core-4.5.0.jar
Nov 04, 2012 9:40:53 PM org.apache.openejb.config.ConfigurationFactory configureApplication
INFO: Configuring enterprise application: /media/Storages/Intelligence/Projects/Java/Key2Gym/3-2/migration/classpath.ear
Nov 04, 2012 9:40:53 PM org.apache.openejb.config.InitEjbDeployments deploy
INFO: Using openejb.deploymentId.format '{ejbName}'
Nov 04, 2012 9:40:53 PM org.apache.openejb.config.InitEjbDeployments deploy
INFO: Auto-deploying ejb openejb/Deployer: EjbDeployment(deployment-id=openejb/Deployer)
Nov 04, 2012 9:40:53 PM org.apache.openejb.config.InitEjbDeployments deploy
INFO: Auto-deploying ejb openejb/ConfigurationInfo: EjbDeployment(deployment-id=openejb/ConfigurationInfo)
Nov 04, 2012 9:40:53 PM org.apache.openejb.config.InitEjbDeployments deploy
INFO: Auto-deploying ejb MEJB: EjbDeployment(deployment-id=MEJB)
Nov 04, 2012 9:40:54 PM org.apache.openejb.config.AppInfoBuilder build
INFO: Enterprise application "/media/Storages/Intelligence/Projects/Java/Key2Gym/3-2/migration/classpath.ear" loaded.
Nov 04, 2012 9:40:54 PM org.apache.openejb.assembler.classic.Assembler createRecipe
INFO: Creating TransactionManager(id=Default Transaction Manager)
Nov 04, 2012 9:40:54 PM org.apache.openejb.assembler.classic.Assembler createRecipe
INFO: Creating SecurityService(id=Default Security Service)
Nov 04, 2012 9:40:54 PM org.apache.openejb.assembler.classic.Assembler createRecipe
INFO: Creating Resource(id=key2gym)
Nov 04, 2012 9:40:54 PM org.apache.openejb.assembler.classic.Assembler createRecipe
INFO: Creating Resource(id=key2gymNonJta)
Nov 04, 2012 9:40:54 PM org.apache.openejb.assembler.classic.Assembler createRecipe
INFO: Creating Container(id=My Singleton Container)
Nov 04, 2012 9:40:54 PM org.apache.openejb.assembler.classic.Assembler createRecipe
INFO: Creating Container(id=My Stateful Container)
Nov 04, 2012 9:40:54 PM org.apache.openejb.core.stateful.SimplePassivater init
INFO: Using directory /tmp for stateful session passivation
Nov 04, 2012 9:40:54 PM org.apache.openejb.assembler.classic.Assembler createRecipe
INFO: Creating Container(id=My Stateless Container)
Nov 04, 2012 9:40:54 PM org.apache.openejb.assembler.classic.Assembler createApplication
INFO: Assembling app: /home/daniel/opt/java/apache-openejb-4.5.0/apps/key2gym-business.jar
Nov 04, 2012 9:40:55 PM org.apache.openejb.assembler.classic.PersistenceBuilder createEntityManagerFactory
INFO: PersistenceUnit(name=PU, provider=org.eclipse.persistence.jpa.PersistenceProvider) - provider time 636ms
Nov 04, 2012 9:40:55 PM org.apache.openejb.util.OptionsLog info
INFO: Using 'openejb.jndiname.format={interfaceClass.simpleName}'
Nov 04, 2012 9:40:55 PM org.apache.openejb.assembler.classic.JndiBuilder bind
INFO: Jndi(name=AdSourcesServiceRemote) --> Ejb(deployment-id=AdSourcesServiceBean)
Nov 04, 2012 9:40:55 PM org.apache.openejb.assembler.classic.JndiBuilder bind
INFO: Jndi(name=global/key2gym-business/AdSourcesServiceBean!org.key2gym.business.api.remote.AdSourcesServiceRemote) --> Ejb(deployment-id=AdSourcesServiceBean)
Nov 04, 2012 9:40:55 PM org.apache.openejb.assembler.classic.JndiBuilder bind
INFO: Jndi(name=global/key2gym-business/AdSourcesServiceBean) --> Ejb(deployment-id=AdSourcesServiceBean)
Nov 04, 2012 9:40:55 PM org.apache.openejb.assembler.classic.JndiBuilder bind
INFO: Jndi(name=FreezesServiceRemote) --> Ejb(deployment-id=FreezesServiceBean)
Nov 04, 2012 9:40:55 PM org.apache.openejb.assembler.classic.JndiBuilder bind
INFO: Jndi(name=global/key2gym-business/FreezesServiceBean!org.key2gym.business.api.remote.FreezesServiceRemote) --> Ejb(deployment-id=FreezesServiceBean)
Nov 04, 2012 9:40:55 PM org.apache.openejb.assembler.classic.JndiBuilder bind
INFO: Jndi(name=global/key2gym-business/FreezesServiceBean) --> Ejb(deployment-id=FreezesServiceBean)
Nov 04, 2012 9:40:55 PM org.apache.openejb.assembler.classic.JndiBuilder bind
INFO: Jndi(name=CashServiceRemote) --> Ejb(deployment-id=CashServiceBean)
Nov 04, 2012 9:40:55 PM org.apache.openejb.assembler.classic.JndiBuilder bind
INFO: Jndi(name=global/key2gym-business/CashServiceBean!org.key2gym.business.api.remote.CashServiceRemote) --> Ejb(deployment-id=CashServiceBean)
Nov 04, 2012 9:40:55 PM org.apache.openejb.assembler.classic.JndiBuilder bind
INFO: Jndi(name=global/key2gym-business/CashServiceBean) --> Ejb(deployment-id=CashServiceBean)
Nov 04, 2012 9:40:55 PM org.apache.openejb.assembler.classic.JndiBuilder bind
INFO: Jndi(name=TimeSplitsServiceRemote) --> Ejb(deployment-id=TimeSplitsServiceBean)
Nov 04, 2012 9:40:55 PM org.apache.openejb.assembler.classic.JndiBuilder bind
INFO: Jndi(name=global/key2gym-business/TimeSplitsServiceBean!org.key2gym.business.api.remote.TimeSplitsServiceRemote) --> Ejb(deployment-id=TimeSplitsServiceBean)
Nov 04, 2012 9:40:55 PM org.apache.openejb.assembler.classic.JndiBuilder bind
INFO: Jndi(name=global/key2gym-business/TimeSplitsServiceBean) --> Ejb(deployment-id=TimeSplitsServiceBean)
Nov 04, 2012 9:40:55 PM org.apache.openejb.assembler.classic.JndiBuilder bind
INFO: Jndi(name=AdministratorsServiceRemote) --> Ejb(deployment-id=AdministratorsServiceBean)
Nov 04, 2012 9:40:55 PM org.apache.openejb.assembler.classic.JndiBuilder bind
INFO: Jndi(name=global/key2gym-business/AdministratorsServiceBean!org.key2gym.business.api.remote.AdministratorsServiceRemote) --> Ejb(deployment-id=AdministratorsServiceBean)
Nov 04, 2012 9:40:55 PM org.apache.openejb.assembler.classic.JndiBuilder bind
INFO: Jndi(name=global/key2gym-business/AdministratorsServiceBean) --> Ejb(deployment-id=AdministratorsServiceBean)
Nov 04, 2012 9:40:55 PM org.apache.openejb.assembler.classic.JndiBuilder bind
INFO: Jndi(name=ClientProfilesServiceRemote) --> Ejb(deployment-id=ClientProfilesServiceBean)
Nov 04, 2012 9:40:55 PM org.apache.openejb.assembler.classic.JndiBuilder bind
INFO: Jndi(name=global/key2gym-business/ClientProfilesServiceBean!org.key2gym.business.api.remote.ClientProfilesServiceRemote) --> Ejb(deployment-id=ClientProfilesServiceBean)
Nov 04, 2012 9:40:55 PM org.apache.openejb.assembler.classic.JndiBuilder bind
INFO: Jndi(name=global/key2gym-business/ClientProfilesServiceBean) --> Ejb(deployment-id=ClientProfilesServiceBean)
Nov 04, 2012 9:40:55 PM org.apache.openejb.assembler.classic.JndiBuilder bind
INFO: Jndi(name=KeysServiceRemote) --> Ejb(deployment-id=KeysServiceBean)
Nov 04, 2012 9:40:55 PM org.apache.openejb.assembler.classic.JndiBuilder bind
INFO: Jndi(name=global/key2gym-business/KeysServiceBean!org.key2gym.business.api.remote.KeysServiceRemote) --> Ejb(deployment-id=KeysServiceBean)
Nov 04, 2012 9:40:55 PM org.apache.openejb.assembler.classic.JndiBuilder bind
INFO: Jndi(name=global/key2gym-business/KeysServiceBean) --> Ejb(deployment-id=KeysServiceBean)
Nov 04, 2012 9:40:55 PM org.apache.openejb.assembler.classic.JndiBuilder bind
INFO: Jndi(name=ClientsServiceRemote) --> Ejb(deployment-id=ClientsServiceBean)
Nov 04, 2012 9:40:55 PM org.apache.openejb.assembler.classic.JndiBuilder bind
INFO: Jndi(name=global/key2gym-business/ClientsServiceBean!org.key2gym.business.api.remote.ClientsServiceRemote) --> Ejb(deployment-id=ClientsServiceBean)
Nov 04, 2012 9:40:55 PM org.apache.openejb.assembler.classic.JndiBuilder bind
INFO: Jndi(name=global/key2gym-business/ClientsServiceBean) --> Ejb(deployment-id=ClientsServiceBean)
Nov 04, 2012 9:40:55 PM org.apache.openejb.assembler.classic.JndiBuilder bind
INFO: Jndi(name=ItemsServiceRemote) --> Ejb(deployment-id=ItemsServiceBean)
Nov 04, 2012 9:40:55 PM org.apache.openejb.assembler.classic.JndiBuilder bind
INFO: Jndi(name=global/key2gym-business/ItemsServiceBean!org.key2gym.business.api.remote.ItemsServiceRemote) --> Ejb(deployment-id=ItemsServiceBean)
Nov 04, 2012 9:40:55 PM org.apache.openejb.assembler.classic.JndiBuilder bind
INFO: Jndi(name=global/key2gym-business/ItemsServiceBean) --> Ejb(deployment-id=ItemsServiceBean)
Nov 04, 2012 9:40:55 PM org.apache.openejb.assembler.classic.JndiBuilder bind
INFO: Jndi(name=DiscountsServiceRemote) --> Ejb(deployment-id=DiscountsServiceBean)
Nov 04, 2012 9:40:55 PM org.apache.openejb.assembler.classic.JndiBuilder bind
INFO: Jndi(name=global/key2gym-business/DiscountsServiceBean!org.key2gym.business.api.remote.DiscountsServiceRemote) --> Ejb(deployment-id=DiscountsServiceBean)
Nov 04, 2012 9:40:55 PM org.apache.openejb.assembler.classic.JndiBuilder bind
INFO: Jndi(name=global/key2gym-business/DiscountsServiceBean) --> Ejb(deployment-id=DiscountsServiceBean)
Nov 04, 2012 9:40:55 PM org.apache.openejb.assembler.classic.JndiBuilder bind
INFO: Jndi(name=SubscriptionsServiceRemote) --> Ejb(deployment-id=SubscriptionsServiceBean)
Nov 04, 2012 9:40:55 PM org.apache.openejb.assembler.classic.JndiBuilder bind
INFO: Jndi(name=global/key2gym-business/SubscriptionsServiceBean!org.key2gym.business.api.remote.SubscriptionsServiceRemote) --> Ejb(deployment-id=SubscriptionsServiceBean)
Nov 04, 2012 9:40:55 PM org.apache.openejb.assembler.classic.JndiBuilder bind
INFO: Jndi(name=global/key2gym-business/SubscriptionsServiceBean) --> Ejb(deployment-id=SubscriptionsServiceBean)
Nov 04, 2012 9:40:55 PM org.apache.openejb.assembler.classic.JndiBuilder bind
INFO: Jndi(name=AttendancesServiceRemote) --> Ejb(deployment-id=AttendancesServiceBean)
Nov 04, 2012 9:40:55 PM org.apache.openejb.assembler.classic.JndiBuilder bind
INFO: Jndi(name=global/key2gym-business/AttendancesServiceBean!org.key2gym.business.api.remote.AttendancesServiceRemote) --> Ejb(deployment-id=AttendancesServiceBean)
Nov 04, 2012 9:40:55 PM org.apache.openejb.assembler.classic.JndiBuilder bind
INFO: Jndi(name=global/key2gym-business/AttendancesServiceBean) --> Ejb(deployment-id=AttendancesServiceBean)
Nov 04, 2012 9:40:55 PM org.apache.openejb.assembler.classic.JndiBuilder bind
INFO: Jndi(name=OrdersServiceRemote) --> Ejb(deployment-id=OrdersServiceBean)
Nov 04, 2012 9:40:55 PM org.apache.openejb.assembler.classic.JndiBuilder bind
INFO: Jndi(name=global/key2gym-business/OrdersServiceBean!org.key2gym.business.api.remote.OrdersServiceRemote) --> Ejb(deployment-id=OrdersServiceBean)
Nov 04, 2012 9:40:55 PM org.apache.openejb.assembler.classic.JndiBuilder bind
INFO: Jndi(name=global/key2gym-business/OrdersServiceBean) --> Ejb(deployment-id=OrdersServiceBean)
Nov 04, 2012 9:40:55 PM org.apache.openejb.cdi.CdiBuilder initSingleton
INFO: Existing thread singleton service in SystemInstance() org.apache.openejb.cdi.ThreadSingletonServiceImpl@17d327c
Nov 04, 2012 9:40:55 PM org.apache.openejb.cdi.OpenEJBLifecycle startApplication
INFO: OpenWebBeans Container is starting...
Nov 04, 2012 9:40:55 PM org.apache.webbeans.plugins.PluginLoader startUp
INFO: Adding OpenWebBeansPlugin : [CdiPlugin]
Nov 04, 2012 9:40:55 PM org.apache.openejb.cdi.BeansDeployer validateInjectionPoints
INFO: All injection points are validated successfully.
Nov 04, 2012 9:40:55 PM org.apache.openejb.cdi.OpenEJBLifecycle startApplication
INFO: OpenWebBeans Container has started, it took 82 ms.
Nov 04, 2012 9:40:55 PM org.apache.openejb.assembler.classic.Assembler createApplication
INFO: Created Ejb(deployment-id=OrdersServiceBean, ejb-name=OrdersServiceBean, container=My Stateless Container)
Nov 04, 2012 9:40:55 PM org.apache.openejb.assembler.classic.Assembler createApplication
INFO: Created Ejb(deployment-id=SubscriptionsServiceBean, ejb-name=SubscriptionsServiceBean, container=My Stateless Container)
Nov 04, 2012 9:40:55 PM org.apache.openejb.assembler.classic.Assembler createApplication
INFO: Created Ejb(deployment-id=TimeSplitsServiceBean, ejb-name=TimeSplitsServiceBean, container=My Stateless Container)
Nov 04, 2012 9:40:55 PM org.apache.openejb.assembler.classic.Assembler createApplication
INFO: Created Ejb(deployment-id=ItemsServiceBean, ejb-name=ItemsServiceBean, container=My Stateless Container)
Nov 04, 2012 9:40:55 PM org.apache.openejb.assembler.classic.Assembler createApplication
INFO: Created Ejb(deployment-id=AdministratorsServiceBean, ejb-name=AdministratorsServiceBean, container=My Stateless Container)
Nov 04, 2012 9:40:56 PM org.apache.openejb.assembler.classic.Assembler createApplication
INFO: Created Ejb(deployment-id=KeysServiceBean, ejb-name=KeysServiceBean, container=My Stateless Container)
Nov 04, 2012 9:40:56 PM org.apache.openejb.assembler.classic.Assembler createApplication
INFO: Created Ejb(deployment-id=AdSourcesServiceBean, ejb-name=AdSourcesServiceBean, container=My Stateless Container)
Nov 04, 2012 9:40:56 PM org.apache.openejb.assembler.classic.Assembler createApplication
INFO: Created Ejb(deployment-id=ClientProfilesServiceBean, ejb-name=ClientProfilesServiceBean, container=My Stateless Container)
Nov 04, 2012 9:40:56 PM org.apache.openejb.assembler.classic.Assembler createApplication
INFO: Created Ejb(deployment-id=AttendancesServiceBean, ejb-name=AttendancesServiceBean, container=My Stateless Container)
Nov 04, 2012 9:40:56 PM org.apache.openejb.assembler.classic.Assembler createApplication
INFO: Created Ejb(deployment-id=CashServiceBean, ejb-name=CashServiceBean, container=My Stateless Container)
Nov 04, 2012 9:40:56 PM org.apache.openejb.assembler.classic.Assembler createApplication
INFO: Created Ejb(deployment-id=DiscountsServiceBean, ejb-name=DiscountsServiceBean, container=My Stateless Container)
Nov 04, 2012 9:40:56 PM org.apache.openejb.assembler.classic.Assembler createApplication
INFO: Created Ejb(deployment-id=FreezesServiceBean, ejb-name=FreezesServiceBean, container=My Stateless Container)
Nov 04, 2012 9:40:56 PM org.apache.openejb.assembler.classic.Assembler createApplication
INFO: Created Ejb(deployment-id=ClientsServiceBean, ejb-name=ClientsServiceBean, container=My Stateless Container)
Nov 04, 2012 9:40:56 PM org.apache.openejb.assembler.classic.Assembler createApplication
INFO: Started Ejb(deployment-id=OrdersServiceBean, ejb-name=OrdersServiceBean, container=My Stateless Container)
Nov 04, 2012 9:40:56 PM org.apache.openejb.assembler.classic.Assembler createApplication
INFO: Started Ejb(deployment-id=SubscriptionsServiceBean, ejb-name=SubscriptionsServiceBean, container=My Stateless Container)
Nov 04, 2012 9:40:56 PM org.apache.openejb.assembler.classic.Assembler createApplication
INFO: Started Ejb(deployment-id=TimeSplitsServiceBean, ejb-name=TimeSplitsServiceBean, container=My Stateless Container)
Nov 04, 2012 9:40:56 PM org.apache.openejb.assembler.classic.Assembler createApplication
INFO: Started Ejb(deployment-id=ItemsServiceBean, ejb-name=ItemsServiceBean, container=My Stateless Container)
Nov 04, 2012 9:40:56 PM org.apache.openejb.assembler.classic.Assembler createApplication
INFO: Started Ejb(deployment-id=AdministratorsServiceBean, ejb-name=AdministratorsServiceBean, container=My Stateless Container)
Nov 04, 2012 9:40:56 PM org.apache.openejb.assembler.classic.Assembler createApplication
INFO: Started Ejb(deployment-id=KeysServiceBean, ejb-name=KeysServiceBean, container=My Stateless Container)
Nov 04, 2012 9:40:56 PM org.apache.openejb.assembler.classic.Assembler createApplication
INFO: Started Ejb(deployment-id=AdSourcesServiceBean, ejb-name=AdSourcesServiceBean, container=My Stateless Container)
Nov 04, 2012 9:40:56 PM org.apache.openejb.assembler.classic.Assembler createApplication
INFO: Started Ejb(deployment-id=ClientProfilesServiceBean, ejb-name=ClientProfilesServiceBean, container=My Stateless Container)
Nov 04, 2012 9:40:56 PM org.apache.openejb.assembler.classic.Assembler createApplication
INFO: Started Ejb(deployment-id=AttendancesServiceBean, ejb-name=AttendancesServiceBean, container=My Stateless Container)
Nov 04, 2012 9:40:56 PM org.apache.openejb.assembler.classic.Assembler createApplication
INFO: Started Ejb(deployment-id=CashServiceBean, ejb-name=CashServiceBean, container=My Stateless Container)
Nov 04, 2012 9:40:56 PM org.apache.openejb.assembler.classic.Assembler createApplication
INFO: Started Ejb(deployment-id=DiscountsServiceBean, ejb-name=DiscountsServiceBean, container=My Stateless Container)
Nov 04, 2012 9:40:56 PM org.apache.openejb.assembler.classic.Assembler createApplication
INFO: Started Ejb(deployment-id=FreezesServiceBean, ejb-name=FreezesServiceBean, container=My Stateless Container)
Nov 04, 2012 9:40:56 PM org.apache.openejb.assembler.classic.Assembler createApplication
INFO: Started Ejb(deployment-id=ClientsServiceBean, ejb-name=ClientsServiceBean, container=My Stateless Container)
Nov 04, 2012 9:40:56 PM org.apache.openejb.assembler.classic.Assembler createApplication
INFO: Deployed Application(path=/home/daniel/opt/java/apache-openejb-4.5.0/apps/key2gym-business.jar)
Nov 04, 2012 9:40:56 PM org.apache.openejb.assembler.classic.Assembler createApplication
INFO: Assembling app: /media/Storages/Intelligence/Projects/Java/Key2Gym/3-2/migration/classpath.ear
Nov 04, 2012 9:40:56 PM org.apache.openejb.util.OptionsLog info
INFO: Using 'openejb.jndiname.format={deploymentId}{interfaceType.openejbLegacyName}'
Nov 04, 2012 9:40:56 PM org.apache.openejb.assembler.classic.JndiBuilder bind
INFO: Jndi(name=openejb/DeployerBusinessRemote) --> Ejb(deployment-id=openejb/Deployer)
Nov 04, 2012 9:40:56 PM org.apache.openejb.assembler.classic.JndiBuilder bind
INFO: Jndi(name=global/classpath.ear/openejb-core-4.5.0/openejb/Deployer!org.apache.openejb.assembler.Deployer) --> Ejb(deployment-id=openejb/Deployer)
Nov 04, 2012 9:40:56 PM org.apache.openejb.assembler.classic.JndiBuilder bind
INFO: Jndi(name=global/classpath.ear/openejb-core-4.5.0/openejb/Deployer) --> Ejb(deployment-id=openejb/Deployer)
Nov 04, 2012 9:40:56 PM org.apache.openejb.assembler.classic.JndiBuilder bind
INFO: Jndi(name=openejb/ConfigurationInfoBusinessRemote) --> Ejb(deployment-id=openejb/ConfigurationInfo)
Nov 04, 2012 9:40:56 PM org.apache.openejb.assembler.classic.JndiBuilder bind
INFO: Jndi(name=global/classpath.ear/openejb-core-4.5.0/openejb/ConfigurationInfo!org.apache.openejb.assembler.classic.cmd.ConfigurationInfo) --> Ejb(deployment-id=openejb/ConfigurationInfo)
Nov 04, 2012 9:40:56 PM org.apache.openejb.assembler.classic.JndiBuilder bind
INFO: Jndi(name=global/classpath.ear/openejb-core-4.5.0/openejb/ConfigurationInfo) --> Ejb(deployment-id=openejb/ConfigurationInfo)
Nov 04, 2012 9:40:56 PM org.apache.openejb.assembler.classic.JndiBuilder bind
INFO: Jndi(name=MEJB) --> Ejb(deployment-id=MEJB)
Nov 04, 2012 9:40:56 PM org.apache.openejb.assembler.classic.JndiBuilder bind
INFO: Jndi(name=global/classpath.ear/openejb-core-4.5.0/MEJB!javax.management.j2ee.ManagementHome) --> Ejb(deployment-id=MEJB)
Nov 04, 2012 9:40:56 PM org.apache.openejb.assembler.classic.JndiBuilder bind
INFO: Jndi(name=global/classpath.ear/openejb-core-4.5.0/MEJB) --> Ejb(deployment-id=MEJB)
Nov 04, 2012 9:40:56 PM org.apache.openejb.cdi.CdiBuilder initSingleton
INFO: Existing thread singleton service in SystemInstance() org.apache.openejb.cdi.ThreadSingletonServiceImpl@17d327c
Nov 04, 2012 9:40:56 PM org.apache.openejb.cdi.OpenEJBLifecycle startApplication
INFO: OpenWebBeans Container is starting...
Nov 04, 2012 9:40:56 PM org.apache.webbeans.plugins.PluginLoader startUp
INFO: Adding OpenWebBeansPlugin : [CdiPlugin]
Nov 04, 2012 9:40:56 PM org.apache.openejb.cdi.BeansDeployer validateInjectionPoints
INFO: All injection points are validated successfully.
Nov 04, 2012 9:40:56 PM org.apache.openejb.cdi.OpenEJBLifecycle startApplication
INFO: OpenWebBeans Container has started, it took 5 ms.
Nov 04, 2012 9:40:56 PM org.apache.openejb.assembler.classic.Assembler createApplication
INFO: Created Ejb(deployment-id=openejb/Deployer, ejb-name=openejb/Deployer, container=My Stateless Container)
Nov 04, 2012 9:40:56 PM org.apache.openejb.assembler.classic.Assembler createApplication
INFO: Created Ejb(deployment-id=MEJB, ejb-name=MEJB, container=My Stateless Container)
Nov 04, 2012 9:40:56 PM org.apache.openejb.assembler.classic.Assembler createApplication
INFO: Created Ejb(deployment-id=openejb/ConfigurationInfo, ejb-name=openejb/ConfigurationInfo, container=My Stateless Container)
Nov 04, 2012 9:40:56 PM org.apache.openejb.assembler.classic.Assembler createApplication
INFO: Started Ejb(deployment-id=openejb/Deployer, ejb-name=openejb/Deployer, container=My Stateless Container)
Nov 04, 2012 9:40:56 PM org.apache.openejb.assembler.classic.Assembler createApplication
INFO: Started Ejb(deployment-id=MEJB, ejb-name=MEJB, container=My Stateless Container)
Nov 04, 2012 9:40:56 PM org.apache.openejb.assembler.classic.Assembler createApplication
INFO: Started Ejb(deployment-id=openejb/ConfigurationInfo, ejb-name=openejb/ConfigurationInfo, container=My Stateless Container)
Nov 04, 2012 9:40:56 PM org.apache.openejb.assembler.classic.Assembler deployMBean
INFO: Deployed MBean(openejb.user.mbeans:application=openejb-core-4.5.0,group=org.apache.openejb.assembler.monitoring,name=JMXDeployer)
Nov 04, 2012 9:40:56 PM org.apache.openejb.assembler.classic.Assembler createApplication
INFO: Deployed Application(path=/media/Storages/Intelligence/Projects/Java/Key2Gym/3-2/migration/classpath.ear)
Nov 04, 2012 9:40:56 PM org.apache.openejb.server.ServiceManager initServer
INFO: Creating ServerService(id=httpejbd)
Nov 04, 2012 9:40:56 PM org.apache.openejb.server.ServiceManager initServer
INFO: Creating ServerService(id=cxf)
Nov 04, 2012 9:40:57 PM org.apache.openejb.server.ServiceManager initServer
INFO: Creating ServerService(id=admin)
Nov 04, 2012 9:40:57 PM org.apache.openejb.server.ServiceManager initServer
INFO: Creating ServerService(id=ejbd)
Nov 04, 2012 9:40:57 PM org.apache.openejb.server.ServiceManager initServer
INFO: Creating ServerService(id=ejbds)
Nov 04, 2012 9:40:57 PM org.apache.openejb.server.SimpleServiceManager start
INFO: Starting service httpejbd
Nov 04, 2012 9:40:57 PM org.apache.openejb.server.SimpleServiceManager start
INFO: Started service httpejbd
Nov 04, 2012 9:40:57 PM org.apache.openejb.server.SimpleServiceManager start
INFO: Starting service cxf
Nov 04, 2012 9:40:57 PM org.apache.openejb.server.SimpleServiceManager start
INFO: Started service cxf
Nov 04, 2012 9:40:57 PM org.apache.openejb.server.SimpleServiceManager start
INFO: Starting service admin
Nov 04, 2012 9:40:57 PM org.apache.openejb.server.SimpleServiceManager start
INFO: Started service admin
Nov 04, 2012 9:40:57 PM org.apache.openejb.server.SimpleServiceManager start
INFO: Starting service ejbd
Nov 04, 2012 9:40:57 PM org.apache.openejb.server.SimpleServiceManager start
INFO: Started service ejbd
Nov 04, 2012 9:40:57 PM org.apache.openejb.server.SimpleServiceManager start
INFO: Starting service ejbds
Nov 04, 2012 9:40:57 PM org.apache.openejb.server.SimpleServiceManager start
INFO: Started service ejbds
Nov 04, 2012 9:40:57 PM org.apache.openejb.server.SimpleServiceManager start
INFO:   ** Bound Services **
Nov 04, 2012 9:40:57 PM org.apache.openejb.server.SimpleServiceManager printRow
INFO:   NAME                 IP              PORT  
Nov 04, 2012 9:40:57 PM org.apache.openejb.server.SimpleServiceManager printRow
INFO:   httpejbd             127.0.0.1       4204  
Nov 04, 2012 9:40:57 PM org.apache.openejb.server.SimpleServiceManager printRow
INFO:   admin                127.0.0.1       4200  
Nov 04, 2012 9:40:57 PM org.apache.openejb.server.SimpleServiceManager printRow
INFO:   ejbd                 127.0.0.1       4201  
Nov 04, 2012 9:40:57 PM org.apache.openejb.server.SimpleServiceManager printRow
INFO:   ejbds                127.0.0.1       4203  
Nov 04, 2012 9:40:57 PM org.apache.openejb.server.SimpleServiceManager start
INFO: -------
Nov 04, 2012 9:40:57 PM org.apache.openejb.server.SimpleServiceManager start
INFO: Ready!
